<?xml version="1.0" encoding="UTF-8"?>
<testng-results skipped="0" failed="0" ignored="0" total="1" passed="1">
  <reporter-output>
  </reporter-output>
  <suite name="Default suite" duration-ms="119186" started-at="2019-09-09T07:28:24Z" finished-at="2019-09-09T07:30:23Z">
    <groups>
    </groups>
    <test name="Default test" duration-ms="119186" started-at="2019-09-09T07:28:24Z" finished-at="2019-09-09T07:30:23Z">
      <class name="com.training.sanity.tests.Medium_TC_03$TC01ATEST">
        <test-method status="PASS" signature="setUpBeforeClass()[pri:0, instance:com.training.sanity.tests.Medium_TC_03$TC01ATEST@39c0f4a]" name="setUpBeforeClass" is-config="true" duration-ms="18" started-at="2019-09-09T07:28:24Z" finished-at="2019-09-09T07:28:24Z">
          <reporter-output>
          </reporter-output>
        </test-method> <!-- setUpBeforeClass -->
        <test-method status="PASS" signature="setUp()[pri:0, instance:com.training.sanity.tests.Medium_TC_03$TC01ATEST@39c0f4a]" name="setUp" is-config="true" duration-ms="46392" started-at="2019-09-09T07:28:24Z" finished-at="2019-09-09T07:29:10Z">
          <reporter-output>
          </reporter-output>
        </test-method> <!-- setUp -->
        <test-method status="PASS" signature="TestCase01()[pri:0, instance:com.training.sanity.tests.Medium_TC_03$TC01ATEST@39c0f4a]" name="TestCase01" duration-ms="71748" started-at="2019-09-09T07:29:10Z" finished-at="2019-09-09T07:30:22Z">
          <reporter-output>
          </reporter-output>
        </test-method> <!-- TestCase01 -->
        <test-method status="PASS" signature="tearDown()[pri:0, instance:com.training.sanity.tests.Medium_TC_03$TC01ATEST@39c0f4a]" name="tearDown" is-config="true" duration-ms="1001" started-at="2019-09-09T07:30:22Z" finished-at="2019-09-09T07:30:23Z">
          <reporter-output>
          </reporter-output>
        </test-method> <!-- tearDown -->
      </class> <!-- com.training.sanity.tests.Medium_TC_03$TC01ATEST -->
    </test> <!-- Default test -->
  </suite> <!-- Default suite -->
</testng-results>
